<?xml version="1.0" encoding="UTF-8"?>
<!-- Generated by org.testng.reporters.JUnitReportReporter -->
<testsuite hostname="DESKTOP-B6PR29P" failures="0" tests="7" name="com.selenium.training.selenium_training.Basic_WebObject" time="14.534" errors="0" timestamp="2022-03-12T14:02:22 IST" skipped="0">
  <testcase classname="com.selenium.training.selenium_training.Basic_WebObject" name="handelTestbox" time="11.725"/>
  <system-out/>
  <testcase classname="com.selenium.training.selenium_training.Basic_WebObject" name="handeltestboxarea" time="0.372"/>
  <system-out/>
  <testcase classname="com.selenium.training.selenium_training.Basic_WebObject" name="emailadress" time="0.244"/>
  <system-out/>
  <testcase classname="com.selenium.training.selenium_training.Basic_WebObject" name="phonenumber" time="0.183"/>
  <system-out/>
  <testcase classname="com.selenium.training.selenium_training.Basic_WebObject" name="radiobutton" time="0.099"/>
  <system-out/>
  <testcase classname="com.selenium.training.selenium_training.Basic_WebObject" name="checkbox" time="0.091"/>
  <system-out/>
  <testcase classname="com.selenium.training.selenium_training.Basic_WebObject" name="hadledropdown" time="1.820"/>
  <system-out/>
</testsuite> <!-- com.selenium.training.selenium_training.Basic_WebObject -->
