<?xml version="1.0" encoding="UTF-8"?>
<!-- Generated by org.testng.reporters.JUnitReportReporter -->
<testsuite hostname="DESKTOP-B6PR29P" failures="0" tests="3" name="com.selenium.training.selenium_training.BrowserCode_webdriver" time="89.225" errors="0" timestamp="2022-03-19T11:34:55 IST" skipped="0">
  <testcase classname="com.selenium.training.selenium_training.BrowserCode_webdriver" name="chrome" time="23.445"/>
  <system-out/>
  <testcase classname="com.selenium.training.selenium_training.BrowserCode_webdriver" name="firefox" time="24.500"/>
  <system-out/>
  <testcase classname="com.selenium.training.selenium_training.BrowserCode_webdriver" name="edge" time="41.280"/>
  <system-out/>
</testsuite> <!-- com.selenium.training.selenium_training.BrowserCode_webdriver -->
