<?xml version="1.0" encoding="UTF-8"?>
<!-- Generated by org.testng.reporters.JUnitReportReporter -->
<testsuite hostname="DESKTOP-B6PR29P" failures="0" tests="3" name="com.selenium.training.selenium_training.BrowserCode" time="97.984" errors="0" timestamp="2022-03-19T11:28:32 IST" skipped="0">
  <testcase classname="com.selenium.training.selenium_training.BrowserCode" name="chrome" time="9.486"/>
  <system-out/>
  <testcase classname="com.selenium.training.selenium_training.BrowserCode" name="firefox" time="11.746"/>
  <system-out/>
  <testcase classname="com.selenium.training.selenium_training.BrowserCode" name="edge" time="76.752"/>
  <system-out/>
</testsuite> <!-- com.selenium.training.selenium_training.BrowserCode -->
