<?xml version="1.0" encoding="UTF-8"?>
<!-- Generated by org.testng.reporters.JUnitReportReporter -->
<testsuite hostname="DESKTOP-B6PR29P" failures="0" tests="2" name="com.selenium.training.selenium_training.SoftAssert_login" time="8.525" errors="0" timestamp="2022-03-06T13:56:47 IST" skipped="0">
  <testcase classname="com.selenium.training.selenium_training.SoftAssert_login" name="f" time="4.197"/>
  <system-out/>
  <testcase classname="com.selenium.training.selenium_training.SoftAssert_login" name="logout" time="4.328"/>
  <system-out>
    <![CDATA[Admin test case is executed..]]>
  </system-out>
</testsuite> <!-- com.selenium.training.selenium_training.SoftAssert_login -->
